<?xml version="1.0" encoding="UTF-8"?>
<!-- Generated by org.testng.reporters.JUnitReportReporter -->
<testsuite hostname="MSI" failures="0" tests="1" name="apitestcase.Renumanaul" time="6.479" errors="0" timestamp="2024-09-26T22:21:26 IST" skipped="0">
  <testcase classname="apitestcase.Renumanaul" name="createplace" time="6.479"/>
  <system-out/>
</testsuite> <!-- apitestcase.Renumanaul -->
