<?xml version="1.0" encoding="UTF-8"?>
<!-- Generated by org.testng.reporters.JUnitReportReporter -->
<testsuite hostname="MSI" failures="0" tests="4" name="apitestcase.ApiPractice" time="12.665" errors="0" timestamp="2024-10-11T22:18:46 IST" skipped="0">
  <testcase classname="apitestcase.ApiPractice" name="createplace" time="3.987"/>
  <system-out/>
  <testcase classname="apitestcase.ApiPractice" name="updateplaceData" time="2.027"/>
  <system-out/>
  <testcase classname="apitestcase.ApiPractice" name="getplaceid" time="4.766"/>
  <system-out/>
  <testcase classname="apitestcase.ApiPractice" name="deleteplaceid" time="1.885"/>
  <system-out/>
</testsuite> <!-- apitestcase.ApiPractice -->
