<?xml version="1.0" encoding="UTF-8"?>
<!-- Generated by org.testng.reporters.JUnitReportReporter -->
<testsuite hostname="MSI" failures="0" tests="6" name="apitestcase.Reqres" time="19.764" errors="0" timestamp="2024-09-26T22:21:26 IST" skipped="0">
  <testcase classname="apitestcase.Reqres" name="createdata" time="7.709"/>
  <system-out/>
  <testcase classname="apitestcase.Reqres" name="createdata" time="1.561"/>
  <system-out/>
  <testcase classname="apitestcase.Reqres" name="createdata" time="2.296"/>
  <system-out/>
  <testcase classname="apitestcase.Reqres" name="updatedata" time="2.294"/>
  <system-out/>
  <testcase classname="apitestcase.Reqres" name="Deletedata" time="3.749"/>
  <system-out/>
  <testcase classname="apitestcase.Reqres" name="Retrivedata" time="2.155"/>
  <system-out/>
</testsuite> <!-- apitestcase.Reqres -->
